<?xml version="1.0" encoding="UTF-8"?>
<testsuite name="mastermind.TestMastermindRepeatedLetters" tests="26" skipped="0" failures="0" errors="0" timestamp="2020-12-27T01:22:48" hostname="oguz" time="0.008">
  <properties/>
  <testcase name="test01Sample" classname="mastermind.TestMastermindRepeatedLetters" time="0.0"/>
  <testcase name="test02Sample" classname="mastermind.TestMastermindRepeatedLetters" time="0.0"/>
  <testcase name="test03Sample" classname="mastermind.TestMastermindRepeatedLetters" time="0.0"/>
  <testcase name="test04Sample" classname="mastermind.TestMastermindRepeatedLetters" time="0.0"/>
  <testcase name="test05" classname="mastermind.TestMastermindRepeatedLetters" time="0.0"/>
  <testcase name="test06" classname="mastermind.TestMastermindRepeatedLetters" time="0.001"/>
  <testcase name="test07" classname="mastermind.TestMastermindRepeatedLetters" time="0.0"/>
  <testcase name="test08" classname="mastermind.TestMastermindRepeatedLetters" time="0.0"/>
  <testcase name="test09" classname="mastermind.TestMastermindRepeatedLetters" time="0.0"/>
  <testcase name="test10" classname="mastermind.TestMastermindRepeatedLetters" time="0.0"/>
  <testcase name="test11" classname="mastermind.TestMastermindRepeatedLetters" time="0.0"/>
  <testcase name="test12" classname="mastermind.TestMastermindRepeatedLetters" time="0.0"/>
  <testcase name="test13" classname="mastermind.TestMastermindRepeatedLetters" time="0.001"/>
  <testcase name="test14" classname="mastermind.TestMastermindRepeatedLetters" time="0.0"/>
  <testcase name="test15" classname="mastermind.TestMastermindRepeatedLetters" time="0.0"/>
  <testcase name="test16" classname="mastermind.TestMastermindRepeatedLetters" time="0.0"/>
  <testcase name="test17" classname="mastermind.TestMastermindRepeatedLetters" time="0.0"/>
  <testcase name="test18" classname="mastermind.TestMastermindRepeatedLetters" time="0.0"/>
  <testcase name="test19" classname="mastermind.TestMastermindRepeatedLetters" time="0.0"/>
  <testcase name="test20" classname="mastermind.TestMastermindRepeatedLetters" time="0.0"/>
  <testcase name="test21" classname="mastermind.TestMastermindRepeatedLetters" time="0.0"/>
  <testcase name="test22" classname="mastermind.TestMastermindRepeatedLetters" time="0.0"/>
  <testcase name="test23" classname="mastermind.TestMastermindRepeatedLetters" time="0.001"/>
  <testcase name="test24" classname="mastermind.TestMastermindRepeatedLetters" time="0.0"/>
  <testcase name="test25" classname="mastermind.TestMastermindRepeatedLetters" time="0.0"/>
  <testcase name="test26" classname="mastermind.TestMastermindRepeatedLetters" time="0.0"/>
  <system-out><![CDATA[AABC
AABC
AABC
AABC
AABC
AABC
AABC
AABC
ABCD
ABCD
AABC
AABC
AABC
AABC
EDEB
EDEB
CFDF
CFDF
AABC
AABC
DCFC
DCFC
FDCD
FDCD
DEFA
DEFA
DAAE
DAAE
BBDC
BBDC
DBFF
DBFF
BDAD
BDAD
FDDB
FDDB
BDBC
BDBC
ECDE
ECDE
AAAF
AAAF
BCDA
BCDA
EEEE
EEEE
EEBE
EEBE
EEAD
EEAD
BACD
BACD
]]></system-out>
  <system-err><![CDATA[]]></system-err>
</testsuite>
