<?xml version="1.0" encoding="UTF-8"?>
<testsuite name="games.game2048.TestAddingValue" tests="4" skipped="0" failures="0" errors="0" timestamp="2020-12-29T03:56:17" hostname="oguz" time="0.003">
  <properties/>
  <testcase name="test1" classname="games.game2048.TestAddingValue" time="0.001"/>
  <testcase name="test2" classname="games.game2048.TestAddingValue" time="0.001"/>
  <testcase name="test3" classname="games.game2048.TestAddingValue" time="0.001"/>
  <testcase name="test4" classname="games.game2048.TestAddingValue" time="0.0"/>
  <system-out><![CDATA[]]></system-out>
  <system-err><![CDATA[]]></system-err>
</testsuite>
